{"name": "test_func_2", "status": "failed", "statusDetails": {"message": "AssertionError: assert 2 == 0\n +  where 2 = func(-1)", "trace": "def test_func_2():\n        src = -1\n        expect = 0\n>       assert func(src) == expect\nE       assert 2 == 0\nE        +  where 2 = func(-1)\n\ntest_allure.py:33: AssertionError"}, "start": 1594902967727, "stop": 1594902967727, "uuid": "ea8af4f2-d16f-4168-81fc-bfde1ff81d13", "historyId": "ee7aeac931e059d2ffd3d523f5f80972", "testCaseId": "81cd93b6ed10ae655ccc30735f8418dc", "fullName": "test_allure#test_func_2", "labels": [{"name": "suite", "value": "test_allure"}, {"name": "host", "value": "DESKTOP-book"}, {"name": "thread", "value": "4464-MainThread"}, {"name": "framework", "value": "pytest"}, {"name": "language", "value": "cpython3"}, {"name": "package", "value": "test_allure"}]}